<?xml version="1.0" encoding="UTF-8"?>
<testsuite name="com.algaworks.algasensors.temperature.processing.TemperatureProcessingApplicationTests" tests="1" skipped="0" failures="0" errors="0" timestamp="2025-05-30T01:27:21.749Z" hostname="G15LUCAS" time="0.886">
  <properties/>
  <testcase name="contextLoads()" classname="com.algaworks.algasensors.temperature.processing.TemperatureProcessingApplicationTests" time="0.886"/>
  <system-out><![CDATA[22:27:19.570 [Test worker] INFO org.springframework.test.context.support.AnnotationConfigContextLoaderUtils -- Could not detect default configuration classes for test class [com.algaworks.algasensors.temperature.processing.TemperatureProcessingApplicationTests]: TemperatureProcessingApplicationTests does not declare any static, non-private, non-final, nested classes annotated with @Configuration.
22:27:19.676 [Test worker] INFO org.springframework.boot.test.context.SpringBootTestContextBootstrapper -- Found @SpringBootConfiguration com.algaworks.algasensors.temperature.processing.TemperatureProcessingApplication for test class com.algaworks.algasensors.temperature.processing.TemperatureProcessingApplicationTests

  .   ____          _            __ _ _
 /\\ / ___'_ __ _ _(_)_ __  __ _ \ \ \ \
( ( )\___ | '_ | '_| | '_ \/ _` | \ \ \ \
 \\/  ___)| |_)| | | | | || (_| |  ) ) ) )
  '  |____| .__|_| |_|_| |_\__, | / / / /
 =========|_|==============|___/=/_/_/_/

 :: Spring Boot ::                (v3.4.6)

2025-05-29T22:27:20.210-03:00  INFO 372090 --- [temperature-processing] [    Test worker] .p.TemperatureProcessingApplicationTests : Starting TemperatureProcessingApplicationTests using Java 21.0.7 with PID 372090 (started by ubuntu in /home/ubuntu/projects/ems/algasensors/microservices/temperature-processing)
2025-05-29T22:27:20.213-03:00  INFO 372090 --- [temperature-processing] [    Test worker] .p.TemperatureProcessingApplicationTests : No active profile set, falling back to 1 default profile: "default"
2025-05-29T22:27:21.734-03:00  INFO 372090 --- [temperature-processing] [    Test worker] .p.TemperatureProcessingApplicationTests : Started TemperatureProcessingApplicationTests in 1.904 seconds (process running for 2.695)
]]></system-out>
  <system-err><![CDATA[Mockito is currently self-attaching to enable the inline-mock-maker. This will no longer work in future releases of the JDK. Please add Mockito as an agent to your build what is described in Mockito's documentation: https://javadoc.io/doc/org.mockito/mockito-core/latest/org/mockito/Mockito.html#0.3
WARNING: A Java agent has been loaded dynamically (/home/ubuntu/.gradle/caches/modules-2/files-2.1/net.bytebuddy/byte-buddy-agent/1.15.11/a38b16385e867f59a641330f0362ebe742788ed8/byte-buddy-agent-1.15.11.jar)
WARNING: If a serviceability tool is in use, please run with -XX:+EnableDynamicAgentLoading to hide this warning
WARNING: If a serviceability tool is not in use, please run with -Djdk.instrument.traceUsage for more information
WARNING: Dynamic loading of agents will be disallowed by default in a future release
]]></system-err>
</testsuite>
